app/build/intermediates/manifest_merge_blame_file/debug/manifest-merger-blame-debug-report.txt
1<?xml version="1.0" encoding="utf-8"?>
2<manifest xmlns:android="http://schemas.android.com/apk/res/android"
3    package="com.example.beaux_arts"
4    android:versionCode="1"
5    android:versionName="1.0" >
6
7    <uses-sdk
8        android:minSdkVersion="23"
8-->src\main\AndroidManifest.xml
9        android:targetSdkVersion="32" />
9-->src\main\AndroidManifest.xml
10
11    <uses-permission
11-->src\main\AndroidManifest.xml:6:5-67
12        android:name="android.permission.BLUETOOTH"
12-->src\main\AndroidManifest.xml:6:22-65
13        android:required="false" />
13-->[org.altbeacon:android-beacon-library:2.19.3] AndroidManifest.xml:12:9-33
14    <uses-permission
14-->src\main\AndroidManifest.xml:7:5-73
15        android:name="android.permission.BLUETOOTH_ADMIN"
15-->src\main\AndroidManifest.xml:7:22-71
16        android:required="false" />
16-->[org.altbeacon:android-beacon-library:2.19.3] AndroidManifest.xml:15:9-33
17    <!-- Android6.0以上开启蓝牙需要位置权限 -->
18    <uses-permission android:name="android.permission.ACCESS_COARSE_LOCATION" />
18-->src\main\AndroidManifest.xml:9:5-80
18-->src\main\AndroidManifest.xml:9:22-78
19    <uses-permission android:name="android.permission.BLUETOOTH_CONNECT" />
19-->src\main\AndroidManifest.xml:11:5-76
19-->src\main\AndroidManifest.xml:11:22-73
20    <uses-permission android:name="android.permission.BLUETOOTH_SCAN" />
20-->src\main\AndroidManifest.xml:12:5-73
20-->src\main\AndroidManifest.xml:12:22-70
21    <uses-permission android:name="android.permission.INTERNET" />
21-->src\main\AndroidManifest.xml:13:5-66
21-->src\main\AndroidManifest.xml:13:22-64
22    <uses-permission android:name="android.permission.ACCESS_NETWORK_STATE" />
22-->src\main\AndroidManifest.xml:14:5-78
22-->src\main\AndroidManifest.xml:14:22-76
23    <uses-permission android:name="android.permission.ACCESS_WIFI_STATE" />
23-->src\main\AndroidManifest.xml:15:5-76
23-->src\main\AndroidManifest.xml:15:22-73
24    <uses-permission android:name="android.permission.FOREGROUND_SERVICE" />
24-->src\main\AndroidManifest.xml:17:5-76
24-->src\main\AndroidManifest.xml:17:22-74
25    <uses-permission android:name="android.permission.ACCESS_BACKGROUND_LOCATION" />
25-->src\main\AndroidManifest.xml:18:5-85
25-->src\main\AndroidManifest.xml:18:22-82
26    <uses-permission android:name="android.permission.ACCESS_FINE_LOCATION" />
26-->src\main\AndroidManifest.xml:19:5-79
26-->src\main\AndroidManifest.xml:19:22-76
27    <uses-permission android:name="android.permission.RECEIVE_BOOT_COMPLETED" />
27-->[org.altbeacon:android-beacon-library:2.19.3] AndroidManifest.xml:16:5-81
27-->[org.altbeacon:android-beacon-library:2.19.3] AndroidManifest.xml:16:22-78
28
29    <application
29-->src\main\AndroidManifest.xml:26:5-59:19
30        android:name="com.example.beaux_arts.MainApp"
30-->src\main\AndroidManifest.xml:31:9-32
31        android:allowBackup="true"
31-->src\main\AndroidManifest.xml:27:9-35
32        android:appComponentFactory="androidx.core.app.CoreComponentFactory"
32-->[androidx.core:core:1.8.0] AndroidManifest.xml:24:18-86
33        android:dataExtractionRules="@xml/data_extraction_rules"
33-->src\main\AndroidManifest.xml:28:9-65
34        android:debuggable="true"
35        android:extractNativeLibs="false"
36        android:fullBackupContent="@xml/backup_rules"
36-->src\main\AndroidManifest.xml:29:9-54
37        android:icon="@mipmap/ic_launcher"
37-->src\main\AndroidManifest.xml:30:9-43
38        android:label="@string/app_name"
38-->src\main\AndroidManifest.xml:32:9-41
39        android:roundIcon="@mipmap/ic_launcher_round"
39-->src\main\AndroidManifest.xml:33:9-54
40        android:supportsRtl="true"
40-->src\main\AndroidManifest.xml:34:9-35
41        android:testOnly="true"
42        android:theme="@style/Theme.Beaux_ARts" >
42-->src\main\AndroidManifest.xml:35:9-48
43        <meta-data
43-->src\main\AndroidManifest.xml:39:9-40:64
44            android:name="com.fengmap.mapapi.appkey"
44-->src\main\AndroidManifest.xml:39:21-61
45            android:value="db73cdf03a7a46cb0dbfd6cfbc2282bd" />
45-->src\main\AndroidManifest.xml:40:13-61
46
47        <activity
47-->src\main\AndroidManifest.xml:42:9-44:40
48            android:name="com.example.beaux_arts.PieceActivity"
48-->src\main\AndroidManifest.xml:43:13-42
49            android:exported="false" />
49-->src\main\AndroidManifest.xml:44:13-37
50        <activity
50-->src\main\AndroidManifest.xml:45:9-55:20
51            android:name="com.example.beaux_arts.MainActivity"
51-->src\main\AndroidManifest.xml:46:13-41
52            android:exported="true"
52-->src\main\AndroidManifest.xml:47:13-36
53            android:label="@string/app_name"
53-->src\main\AndroidManifest.xml:48:13-45
54            android:theme="@style/Theme.Beaux_ARts.NoActionBar" >
54-->src\main\AndroidManifest.xml:49:13-64
55            <intent-filter>
55-->src\main\AndroidManifest.xml:50:13-54:29
56                <action android:name="android.intent.action.MAIN" />
56-->src\main\AndroidManifest.xml:51:17-69
56-->src\main\AndroidManifest.xml:51:25-66
57
58                <category android:name="android.intent.category.LAUNCHER" />
58-->src\main\AndroidManifest.xml:53:17-77
58-->src\main\AndroidManifest.xml:53:27-74
59            </intent-filter>
60        </activity>
61        <activity
61-->src\main\AndroidManifest.xml:56:9-58:66
62            android:name="com.example.beaux_arts.MapActivity"
62-->src\main\AndroidManifest.xml:57:13-40
63            android:theme="@style/Theme.Beaux_ARts.NoActionBar" />
63-->src\main\AndroidManifest.xml:58:13-64
64
65        <uses-library
65-->[androidx.window:window:1.0.0] AndroidManifest.xml:25:9-27:40
66            android:name="androidx.window.extensions"
66-->[androidx.window:window:1.0.0] AndroidManifest.xml:26:13-54
67            android:required="false" />
67-->[androidx.window:window:1.0.0] AndroidManifest.xml:27:13-37
68        <uses-library
68-->[androidx.window:window:1.0.0] AndroidManifest.xml:28:9-30:40
69            android:name="androidx.window.sidecar"
69-->[androidx.window:window:1.0.0] AndroidManifest.xml:29:13-51
70            android:required="false" />
70-->[androidx.window:window:1.0.0] AndroidManifest.xml:30:13-37
71
72        <receiver
72-->[org.altbeacon:android-beacon-library:2.19.3] AndroidManifest.xml:20:9-28:20
73            android:name="org.altbeacon.beacon.startup.StartupBroadcastReceiver"
73-->[org.altbeacon:android-beacon-library:2.19.3] AndroidManifest.xml:21:13-81
74            android:exported="false" >
74-->[org.altbeacon:android-beacon-library:2.19.3] AndroidManifest.xml:22:13-37
75            <intent-filter>
75-->[org.altbeacon:android-beacon-library:2.19.3] AndroidManifest.xml:23:13-27:29
76                <action android:name="android.intent.action.BOOT_COMPLETED" />
76-->[org.altbeacon:android-beacon-library:2.19.3] AndroidManifest.xml:24:17-79
76-->[org.altbeacon:android-beacon-library:2.19.3] AndroidManifest.xml:24:25-76
77                <action android:name="android.intent.action.ACTION_POWER_CONNECTED" />
77-->[org.altbeacon:android-beacon-library:2.19.3] AndroidManifest.xml:25:17-87
77-->[org.altbeacon:android-beacon-library:2.19.3] AndroidManifest.xml:25:25-84
78                <action android:name="android.intent.action.ACTION_POWER_DISCONNECTED" />
78-->[org.altbeacon:android-beacon-library:2.19.3] AndroidManifest.xml:26:17-90
78-->[org.altbeacon:android-beacon-library:2.19.3] AndroidManifest.xml:26:25-87
79            </intent-filter>
80        </receiver>
81
82        <service
82-->[org.altbeacon:android-beacon-library:2.19.3] AndroidManifest.xml:30:9-35:38
83            android:name="org.altbeacon.beacon.service.BeaconService"
83-->[org.altbeacon:android-beacon-library:2.19.3] AndroidManifest.xml:31:13-70
84            android:enabled="true"
84-->[org.altbeacon:android-beacon-library:2.19.3] AndroidManifest.xml:32:13-35
85            android:exported="false"
85-->[org.altbeacon:android-beacon-library:2.19.3] AndroidManifest.xml:33:13-37
86            android:isolatedProcess="false"
86-->[org.altbeacon:android-beacon-library:2.19.3] AndroidManifest.xml:34:13-44
87            android:label="beacon" />
87-->[org.altbeacon:android-beacon-library:2.19.3] AndroidManifest.xml:35:13-35
88        <service
88-->[org.altbeacon:android-beacon-library:2.19.3] AndroidManifest.xml:36:9-39:40
89            android:name="org.altbeacon.beacon.BeaconIntentProcessor"
89-->[org.altbeacon:android-beacon-library:2.19.3] AndroidManifest.xml:37:13-70
90            android:enabled="true"
90-->[org.altbeacon:android-beacon-library:2.19.3] AndroidManifest.xml:38:13-35
91            android:exported="false" />
91-->[org.altbeacon:android-beacon-library:2.19.3] AndroidManifest.xml:39:13-37
92        <service
92-->[org.altbeacon:android-beacon-library:2.19.3] AndroidManifest.xml:40:9-50:19
93            android:name="org.altbeacon.beacon.service.ScanJob"
93-->[org.altbeacon:android-beacon-library:2.19.3] AndroidManifest.xml:41:13-64
94            android:exported="false"
94-->[org.altbeacon:android-beacon-library:2.19.3] AndroidManifest.xml:42:13-37
95            android:permission="android.permission.BIND_JOB_SERVICE" >
95-->[org.altbeacon:android-beacon-library:2.19.3] AndroidManifest.xml:43:13-69
96            <meta-data
96-->[org.altbeacon:android-beacon-library:2.19.3] AndroidManifest.xml:44:13-46:45
97                android:name="immediateScanJobId"
97-->[org.altbeacon:android-beacon-library:2.19.3] AndroidManifest.xml:45:17-50
98                android:value="208352939" />
98-->[org.altbeacon:android-beacon-library:2.19.3] AndroidManifest.xml:46:17-42
99            <meta-data
99-->[org.altbeacon:android-beacon-library:2.19.3] AndroidManifest.xml:47:13-49:45
100                android:name="periodicScanJobId"
100-->[org.altbeacon:android-beacon-library:2.19.3] AndroidManifest.xml:48:17-49
101                android:value="208352940" />
101-->[org.altbeacon:android-beacon-library:2.19.3] AndroidManifest.xml:49:17-42
102        </service>
103        <service
103-->[org.altbeacon:android-beacon-library:2.19.3] AndroidManifest.xml:51:9-58:19
104            android:name="org.altbeacon.bluetooth.BluetoothTestJob"
104-->[org.altbeacon:android-beacon-library:2.19.3] AndroidManifest.xml:52:13-68
105            android:exported="false"
105-->[org.altbeacon:android-beacon-library:2.19.3] AndroidManifest.xml:53:13-37
106            android:permission="android.permission.BIND_JOB_SERVICE" >
106-->[org.altbeacon:android-beacon-library:2.19.3] AndroidManifest.xml:54:13-69
107            <meta-data
107-->[org.altbeacon:android-beacon-library:2.19.3] AndroidManifest.xml:55:13-57:46
108                android:name="jobId"
108-->[org.altbeacon:android-beacon-library:2.19.3] AndroidManifest.xml:56:17-37
109                android:value="1799803768" />
109-->[org.altbeacon:android-beacon-library:2.19.3] AndroidManifest.xml:57:17-43
110        </service>
111
112        <provider
112-->[androidx.emoji2:emoji2:1.0.0] AndroidManifest.xml:26:9-34:20
113            android:name="androidx.startup.InitializationProvider"
113-->[androidx.emoji2:emoji2:1.0.0] AndroidManifest.xml:27:13-67
114            android:authorities="com.example.beaux_arts.androidx-startup"
114-->[androidx.emoji2:emoji2:1.0.0] AndroidManifest.xml:28:13-68
115            android:exported="false" >
115-->[androidx.emoji2:emoji2:1.0.0] AndroidManifest.xml:29:13-37
116            <meta-data
116-->[androidx.emoji2:emoji2:1.0.0] AndroidManifest.xml:31:13-33:52
117                android:name="androidx.emoji2.text.EmojiCompatInitializer"
117-->[androidx.emoji2:emoji2:1.0.0] AndroidManifest.xml:32:17-75
118                android:value="androidx.startup" />
118-->[androidx.emoji2:emoji2:1.0.0] AndroidManifest.xml:33:17-49
119            <meta-data
119-->[androidx.lifecycle:lifecycle-process:2.4.0] AndroidManifest.xml:31:13-33:52
120                android:name="androidx.lifecycle.ProcessLifecycleInitializer"
120-->[androidx.lifecycle:lifecycle-process:2.4.0] AndroidManifest.xml:32:17-78
121                android:value="androidx.startup" />
121-->[androidx.lifecycle:lifecycle-process:2.4.0] AndroidManifest.xml:33:17-49
122        </provider>
123    </application>
124
125</manifest>